2019-04-22 09:10:55 +0000  Initial pipeline context: <IDEDistributionProcessingPipelineContext: 0x7fbc6dddd9f0; archive(resolved)='<IDEArchive: 0x7fbc6dbecb50>', distributionTask(resolved)='2', distributionDestination(resolved)='1', distributionMethod(resolved)='<IDEDistributionMethodDevelopmentSigned: 0x7fbc67cbfab0>', team(resolved)='<IDEProvisioningDisambiguatableBasicTeam: 0x7fbcb4f8eeb0; teamID='UJ5K6Z43Z4', teamName='jiajia zhao', teamType='Individual', username='1183415813@qq.com', isFreeProvisioningTeam='0'>'>
	Chain (12, self inclusive):
	<IDEDistributionProcessingPipelineContext: 0x7fbc6dddd9f0; archive = '<IDEArchive: 0x7fbc6dbecb50>', distributionMethod='<IDEDistributionMethodDevelopmentSigned: 0x7fbc67cbfab0>', team='<IDEProvisioningDisambiguatableBasicTeam: 0x7fbcb4f8eeb0; teamID='UJ5K6Z43Z4', teamName='jiajia zhao', teamType='Individual', username='1183415813@qq.com', isFreeProvisioningTeam='0'>'>
	<IDEDistributionProcessingPipelineContext: 0x7fbc6ddde200; archive = '<IDEArchive: 0x7fbc6dbecb50>', distributionMethod='<IDEDistributionMethodDevelopmentSigned: 0x7fbc67cbfab0>', team='<IDEProvisioningDisambiguatableBasicTeam: 0x7fbcb4f8eeb0; teamID='UJ5K6Z43Z4', teamName='jiajia zhao', teamType='Individual', username='1183415813@qq.com', isFreeProvisioningTeam='0'>'>
	<IDEDistributionContext: 0x7fbc6ceca280; archive = '<IDEArchive: 0x7fbc6dbecb50>', distributionMethod='<IDEDistributionMethodDevelopmentSigned: 0x7fbc67cbfab0>', team='<IDEProvisioningDisambiguatableBasicTeam: 0x7fbcb4f8eeb0; teamID='UJ5K6Z43Z4', teamName='jiajia zhao', teamType='Individual', username='1183415813@qq.com', isFreeProvisioningTeam='0'>'>
	<IDEDistributionContext: 0x7fbc6db80420; archive = '<IDEArchive: 0x7fbc6dbecb50>', distributionMethod='<IDEDistributionMethodDevelopmentSigned: 0x7fbc67cbfab0>', team='<IDEProvisioningDisambiguatableBasicTeam: 0x7fbcb4f8eeb0; teamID='UJ5K6Z43Z4', teamName='jiajia zhao', teamType='Individual', username='1183415813@qq.com', isFreeProvisioningTeam='0'>'>
	<IDEDistributionContext: 0x7fbc689b0cb0; archive = '<IDEArchive: 0x7fbc6dbecb50>', distributionMethod='<IDEDistributionMethodDevelopmentSigned: 0x7fbc67cbfab0>', team='<IDEProvisioningDisambiguatableBasicTeam: 0x7fbcb4f8eeb0; teamID='UJ5K6Z43Z4', teamName='jiajia zhao', teamType='Individual', username='1183415813@qq.com', isFreeProvisioningTeam='0'>'>
	<IDEDistributionContext: 0x7fbc6b72f460; archive = '<IDEArchive: 0x7fbc6dbecb50>', distributionMethod='<IDEDistributionMethodDevelopmentSigned: 0x7fbc67cbfab0>', team='<IDEProvisioningDisambiguatableBasicTeam: 0x7fbcb4f8eeb0; teamID='UJ5K6Z43Z4', teamName='jiajia zhao', teamType='Individual', username='1183415813@qq.com', isFreeProvisioningTeam='0'>'>
	<IDEDistributionContext: 0x7fbc6dbecd80; archive = '<IDEArchive: 0x7fbc6dbecb50>', distributionMethod='<IDEDistributionMethodDevelopmentSigned: 0x7fbc67cbfab0>', team='<IDEProvisioningDisambiguatableBasicTeam: 0x7fbcb4f8eeb0; teamID='UJ5K6Z43Z4', teamName='jiajia zhao', teamType='Individual', username='1183415813@qq.com', isFreeProvisioningTeam='0'>'>
	<IDEDistributionContext: 0x7fbc6abbd9d0; archive = '<IDEArchive: 0x7fbc6dbecb50>', distributionMethod='<IDEDistributionMethodDevelopmentSigned: 0x7fbc67cbfab0>', team='<IDEProvisioningDisambiguatableBasicTeam: 0x7fbcb4f8eeb0; teamID='UJ5K6Z43Z4', teamName='jiajia zhao', teamType='Individual', username='1183415813@qq.com', isFreeProvisioningTeam='0'>'>
	<IDEDistributionContext: 0x7fbc6d4c4a60; archive = '<IDEArchive: 0x7fbc6dbecb50>', distributionMethod='<IDEDistributionMethodDevelopmentSigned: 0x7fbc67cbfab0>', team='<IDEProvisioningDisambiguatableBasicTeam: 0x7fbcb4f8eeb0; teamID='UJ5K6Z43Z4', teamName='jiajia zhao', teamType='Individual', username='1183415813@qq.com', isFreeProvisioningTeam='0'>'>
	<IDEDistributionContext: 0x7fbc6f268510; archive = '<IDEArchive: 0x7fbc6dbecb50>', distributionMethod='<IDEDistributionMethodDevelopmentSigned: 0x7fbc67cbfab0>', team='(null)'>
	<IDEDistributionContext: 0x7fbc6ad40dd0; archive = '<IDEArchive: 0x7fbc6dbecb50>', distributionMethod='<IDEDistributionMethodDevelopmentSigned: 0x7fbc67cbfab0>', team='(null)'>
	<IDEDistributionContext: 0x7fbc6d127a30; archive = '<IDEArchive: 0x7fbc6dbecb50>', distributionMethod='(null)', team='(null)'>
</IDEDistributionProcessingPipelineContext: 0x7fbc6dddd9f0>
2019-04-22 09:10:55 +0000  Processing step: IDEDistributionCreateDestRootStep
2019-04-22 09:10:55 +0000  Processing step: IDEDistributionCopyItemStep
2019-04-22 09:10:55 +0000  Running /usr/bin/ditto '-V' '/Users/xiu/Library/Developer/Xcode/Archives/2019-04-22/bottle 2019-4-22, 5.09 PM.xcarchive/Products/Applications/bottle.app' '/var/folders/ld/w_gjvrd56k73l19nz3znhww40000gn/T/XcodeDistPipeline.~~~2iZzZ7/Root/Payload/bottle.app'
2019-04-22 09:10:55 +0000  >>> Copying /Users/xiu/Library/Developer/Xcode/Archives/2019-04-22/bottle 2019-4-22, 5.09 PM.xcarchive/Products/Applications/bottle.app 
2019-04-22 09:10:55 +0000  
2019-04-22 09:10:55 +0000  copying file ./_CodeSignature/CodeResources ... 
2019-04-22 09:10:55 +0000  26689 bytes for ./_CodeSignature/CodeResources
2019-04-22 09:10:55 +0000  copying file ./MJRefresh.bundle/arrow@2x.png ... 
2019-04-22 09:10:55 +0000  3044 bytes for ./MJRefresh.bundle/arrow@2x.png
2019-04-22 09:10:55 +0000  copying file ./TCYRegisterOfAccountViewController.nib ... 
2019-04-22 09:10:55 +0000  16292 bytes for ./TCYRegisterOfAccountViewController.nib
2019-04-22 09:10:55 +0000  copying file ./Base.lproj/LaunchScreen.storyboardc/01J-lp-oVM-view-Ze5-6b-2t3.nib ... 
2019-04-22 09:10:55 +0000  1985 bytes for ./Base.lproj/LaunchScreen.storyboardc/01J-lp-oVM-view-Ze5-6b-2t3.nib
2019-04-22 09:10:55 +0000  copying file ./Base.lproj/LaunchScreen.storyboardc/UIViewController-01J-lp-oVM.nib ... 
2019-04-22 09:10:55 +0000  832 bytes for ./Base.lproj/LaunchScreen.storyboardc/UIViewController-01J-lp-oVM.nib
2019-04-22 09:10:55 +0000  copying file ./Base.lproj/LaunchScreen.storyboardc/Info.plist ... 
2019-04-22 09:10:55 +0000  258 bytes for ./Base.lproj/LaunchScreen.storyboardc/Info.plist
2019-04-22 09:10:55 +0000  copying file ./Assets.car ... 
2019-04-22 09:10:55 +0000  4414712 bytes for ./Assets.car
copying file ./README.txt ... 
2019-04-22 09:10:55 +0000  332 bytes for ./README.txt
copying file ./TCYUserProtocolViewController.nib ... 
2019-04-22 09:10:55 +0000  27116 bytes for ./TCYUserProtocolViewController.nib
2019-04-22 09:10:55 +0000  copying file ./BUAdSDK.bundle/bu_adStarEmpty@2x.png ... 
2019-04-22 09:10:55 +0000  1779 bytes for ./BUAdSDK.bundle/bu_adStarEmpty@2x.png
2019-04-22 09:10:55 +0000  copying file ./BUAdSDK.bundle/bu_logo@3x.png ... 
2019-04-22 09:10:55 +0000  11097 bytes for ./BUAdSDK.bundle/bu_logo@3x.png
2019-04-22 09:10:55 +0000  copying file ./BUAdSDK.bundle/bu_voice_silent@3x.png ... 
2019-04-22 09:10:55 +0000  10912 bytes for ./BUAdSDK.bundle/bu_voice_silent@3x.png
2019-04-22 09:10:55 +0000  copying file ./BUAdSDK.bundle/bu_voice_silent@2x.png ... 
2019-04-22 09:10:55 +0000  6742 bytes for ./BUAdSDK.bundle/bu_voice_silent@2x.png
2019-04-22 09:10:55 +0000  copying file ./BUAdSDK.bundle/bu_back_normal.png ... 
2019-04-22 09:10:55 +0000  1070 bytes for ./BUAdSDK.bundle/bu_back_normal.png
copying file ./BUAdSDK.bundle/bu_adStarEmpty@3x.png ... 
2019-04-22 09:10:55 +0000  2750 bytes for ./BUAdSDK.bundle/bu_adStarEmpty@3x.png
2019-04-22 09:10:55 +0000  copying file ./BUAdSDK.bundle/bu_logo@2x.png ... 
2019-04-22 09:10:55 +0000  6105 bytes for ./BUAdSDK.bundle/bu_logo@2x.png
2019-04-22 09:10:55 +0000  copying file ./BUAdSDK.bundle/bu_replay@3x.png ... 
2019-04-22 09:10:55 +0000  4966 bytes for ./BUAdSDK.bundle/bu_replay@3x.png
copying file ./BUAdSDK.bundle/bu_video_close@3x.png ... 
2019-04-22 09:10:55 +0000  1171 bytes for ./BUAdSDK.bundle/bu_video_close@3x.png
2019-04-22 09:10:55 +0000  copying file ./BUAdSDK.bundle/bu_dislike@3x.png ... 
2019-04-22 09:10:55 +0000  567 bytes for ./BUAdSDK.bundle/bu_dislike@3x.png
2019-04-22 09:10:55 +0000  copying file ./BUAdSDK.bundle/bu_bottomPause@2x.png ... 
2019-04-22 09:10:55 +0000  770 bytes for ./BUAdSDK.bundle/bu_bottomPause@2x.png
2019-04-22 09:10:55 +0000  copying file ./BUAdSDK.bundle/bu_nativeVideo_left@3x.png ... 
2019-04-22 09:10:55 +0000  7728 bytes for ./BUAdSDK.bundle/bu_nativeVideo_left@3x.png
2019-04-22 09:10:55 +0000  copying file ./BUAdSDK.bundle/bu_video_leftback@3x.png ... 
2019-04-22 09:10:55 +0000  1016 bytes for ./BUAdSDK.bundle/bu_video_leftback@3x.png
2019-04-22 09:10:55 +0000  copying file ./BUAdSDK.bundle/bu_bottomPlay@2x.png ... 
2019-04-22 09:10:55 +0000  774 bytes for ./BUAdSDK.bundle/bu_bottomPlay@2x.png
2019-04-22 09:10:55 +0000  copying file ./BUAdSDK.bundle/bu_fastForward@3x.png ... 
2019-04-22 09:10:55 +0000  772 bytes for ./BUAdSDK.bundle/bu_fastForward@3x.png
2019-04-22 09:10:55 +0000  copying file ./BUAdSDK.bundle/bu_close@2x.png ... 
2019-04-22 09:10:55 +0000  307 bytes for ./BUAdSDK.bundle/bu_close@2x.png
2019-04-22 09:10:55 +0000  copying file ./BUAdSDK.bundle/bu_close@3x.png ... 
2019-04-22 09:10:55 +0000  640 bytes for ./BUAdSDK.bundle/bu_close@3x.png
2019-04-22 09:10:55 +0000  copying file ./BUAdSDK.bundle/bu_bottomPlay@3x.png ... 
2019-04-22 09:10:55 +0000  996 bytes for ./BUAdSDK.bundle/bu_bottomPlay@3x.png
2019-04-22 09:10:55 +0000  copying file ./BUAdSDK.bundle/bu_fastForward@2x.png ... 
2019-04-22 09:10:55 +0000  565 bytes for ./BUAdSDK.bundle/bu_fastForward@2x.png
2019-04-22 09:10:55 +0000  copying file ./BUAdSDK.bundle/bu_video_leftback@2x.png ... 
2019-04-22 09:10:55 +0000  744 bytes for ./BUAdSDK.bundle/bu_video_leftback@2x.png
2019-04-22 09:10:55 +0000  copying file ./BUAdSDK.bundle/bu_nativeVideo_left@2x.png ... 
2019-04-22 09:10:55 +0000  11899 bytes for ./BUAdSDK.bundle/bu_nativeVideo_left@2x.png
2019-04-22 09:10:55 +0000  copying file ./BUAdSDK.bundle/bu_bottomPause@3x.png ... 
2019-04-22 09:10:55 +0000  1100 bytes for ./BUAdSDK.bundle/bu_bottomPause@3x.png
copying file ./BUAdSDK.bundle/bu_dislike@2x.png ... 
2019-04-22 09:10:55 +0000  396 bytes for ./BUAdSDK.bundle/bu_dislike@2x.png
copying file ./BUAdSDK.bundle/bu_replay@2x.png ... 
2019-04-22 09:10:55 +0000  3499 bytes for ./BUAdSDK.bundle/bu_replay@2x.png
2019-04-22 09:10:55 +0000  copying file ./BUAdSDK.bundle/bu_pause@3x.png ... 
2019-04-22 09:10:55 +0000  963 bytes for ./BUAdSDK.bundle/bu_pause@3x.png
2019-04-22 09:10:55 +0000  copying file ./BUAdSDK.bundle/bu_shrinkScreen@3x.png ... 
2019-04-22 09:10:55 +0000  224 bytes for ./BUAdSDK.bundle/bu_shrinkScreen@3x.png
copying file ./BUAdSDK.bundle/bu_bottomShadow@3x.png ... 
2019-04-22 09:10:55 +0000  3298 bytes for ./BUAdSDK.bundle/bu_bottomShadow@3x.png
2019-04-22 09:10:55 +0000  copying file ./BUAdSDK.bundle/bu_topShadow@3x.png ... 
2019-04-22 09:10:55 +0000  3331 bytes for ./BUAdSDK.bundle/bu_topShadow@3x.png
copying file ./BUAdSDK.bundle/bu_fastBackward@2x.png ... 
2019-04-22 09:10:55 +0000  615 bytes for ./BUAdSDK.bundle/bu_fastBackward@2x.png
copying file ./BUAdSDK.bundle/bu_brightness@3x.png ... 
2019-04-22 09:10:55 +0000  5052 bytes for ./BUAdSDK.bundle/bu_brightness@3x.png
2019-04-22 09:10:55 +0000  copying file ./BUAdSDK.bundle/bu_leftback@3x.png ... 
2019-04-22 09:10:55 +0000  393 bytes for ./BUAdSDK.bundle/bu_leftback@3x.png
2019-04-22 09:10:55 +0000  copying file ./BUAdSDK.bundle/bu_video_close@2x.png.png ... 
2019-04-22 09:10:55 +0000  836 bytes for ./BUAdSDK.bundle/bu_video_close@2x.png.png
2019-04-22 09:10:55 +0000  copying file ./BUAdSDK.bundle/bu_fullClose@3x.png ... 
2019-04-22 09:10:55 +0000  4098 bytes for ./BUAdSDK.bundle/bu_fullClose@3x.png
copying file ./BUAdSDK.bundle/bu_sliderDot@2x.png ... 
2019-04-22 09:10:55 +0000  577 bytes for ./BUAdSDK.bundle/bu_sliderDot@2x.png
copying file ./BUAdSDK.bundle/bu_adStar@3x.png ... 
2019-04-22 09:10:55 +0000  2312 bytes for ./BUAdSDK.bundle/bu_adStar@3x.png
2019-04-22 09:10:55 +0000  copying file ./BUAdSDK.bundle/bu_fullScreen@2x.png ... 
2019-04-22 09:10:55 +0000  148 bytes for ./BUAdSDK.bundle/bu_fullScreen@2x.png
copying file ./BUAdSDK.bundle/bu_play@3x.png ... 
2019-04-22 09:10:55 +0000  4408 bytes for ./BUAdSDK.bundle/bu_play@3x.png
copying file ./BUAdSDK.bundle/bu_play@2x.png ... 
2019-04-22 09:10:55 +0000  2682 bytes for ./BUAdSDK.bundle/bu_play@2x.png
2019-04-22 09:10:55 +0000  copying file ./BUAdSDK.bundle/bu_fullScreen@3x.png ... 
2019-04-22 09:10:55 +0000  164 bytes for ./BUAdSDK.bundle/bu_fullScreen@3x.png
copying file ./BUAdSDK.bundle/bu_adStar@2x.png ... 
2019-04-22 09:10:55 +0000  1490 bytes for ./BUAdSDK.bundle/bu_adStar@2x.png
copying file ./BUAdSDK.bundle/bu_sliderDot@3x.png ... 
2019-04-22 09:10:55 +0000  2061 bytes for ./BUAdSDK.bundle/bu_sliderDot@3x.png
2019-04-22 09:10:55 +0000  copying file ./BUAdSDK.bundle/bu_fullClose@2x.png ... 
2019-04-22 09:10:55 +0000  1519 bytes for ./BUAdSDK.bundle/bu_fullClose@2x.png
2019-04-22 09:10:55 +0000  copying file ./BUAdSDK.bundle/bu_leftback@2x.png ... 
2019-04-22 09:10:55 +0000  190 bytes for ./BUAdSDK.bundle/bu_leftback@2x.png
copying file ./BUAdSDK.bundle/bu_topShadow@2x.png ... 
2019-04-22 09:10:55 +0000  2156 bytes for ./BUAdSDK.bundle/bu_topShadow@2x.png
2019-04-22 09:10:55 +0000  copying file ./BUAdSDK.bundle/bu_fastBackward@3x.png ... 
2019-04-22 09:10:55 +0000  834 bytes for ./BUAdSDK.bundle/bu_fastBackward@3x.png
copying file ./BUAdSDK.bundle/bu_brightness@2x.png ... 
2019-04-22 09:10:55 +0000  1936 bytes for ./BUAdSDK.bundle/bu_brightness@2x.png
2019-04-22 09:10:55 +0000  copying file ./BUAdSDK.bundle/bu_bottomShadow@2x.png ... 
2019-04-22 09:10:55 +0000  2168 bytes for ./BUAdSDK.bundle/bu_bottomShadow@2x.png
2019-04-22 09:10:55 +0000  copying file ./BUAdSDK.bundle/bu_shrinkScreen@2x.png ... 
2019-04-22 09:10:55 +0000  159 bytes for ./BUAdSDK.bundle/bu_shrinkScreen@2x.png
copying file ./BUAdSDK.bundle/bu_pause@2x.png ... 
2019-04-22 09:10:55 +0000  636 bytes for ./BUAdSDK.bundle/bu_pause@2x.png
2019-04-22 09:10:55 +0000  copying file ./BUAdSDK.bundle/bu_voice@2x.png ... 
2019-04-22 09:10:55 +0000  5818 bytes for ./BUAdSDK.bundle/bu_voice@2x.png
copying file ./BUAdSDK.bundle/bu_voice@3x.png ... 
2019-04-22 09:10:55 +0000  9319 bytes for ./BUAdSDK.bundle/bu_voice@3x.png
2019-04-22 09:10:55 +0000  copying file ./YWFeedbackBundle.bundle/bc_back.png ... 
2019-04-22 09:10:55 +0000  231 bytes for ./YWFeedbackBundle.bundle/bc_back.png
2019-04-22 09:10:55 +0000  copying file ./YWFeedbackBundle.bundle/bc_back@2x.png ... 
2019-04-22 09:10:55 +0000  356 bytes for ./YWFeedbackBundle.bundle/bc_back@2x.png
copying file ./YWFeedbackBundle.bundle/bc_back@3x.png ... 
2019-04-22 09:10:55 +0000  524 bytes for ./YWFeedbackBundle.bundle/bc_back@3x.png
2019-04-22 09:10:55 +0000  copying file ./WKKeyboardToolbar.nib ... 
2019-04-22 09:10:55 +0000  3125 bytes for ./WKKeyboardToolbar.nib
2019-04-22 09:10:55 +0000  copying file ./embedded.mobileprovision ... 
2019-04-22 09:10:55 +0000  7749 bytes for ./embedded.mobileprovision
2019-04-22 09:10:55 +0000  copying file ./SVProgressHUD.bundle/info.png ... 
2019-04-22 09:10:55 +0000  365 bytes for ./SVProgressHUD.bundle/info.png
copying file ./SVProgressHUD.bundle/error@3x.png ... 
2019-04-22 09:10:55 +0000  398 bytes for ./SVProgressHUD.bundle/error@3x.png
2019-04-22 09:10:55 +0000  copying file ./SVProgressHUD.bundle/angle-mask@3x.png ... 
2019-04-22 09:10:55 +0000  8319 bytes for ./SVProgressHUD.bundle/angle-mask@3x.png
2019-04-22 09:10:55 +0000  copying file ./SVProgressHUD.bundle/angle-mask@2x.png ... 
2019-04-22 09:10:55 +0000  4893 bytes for ./SVProgressHUD.bundle/angle-mask@2x.png
2019-04-22 09:10:55 +0000  copying file ./SVProgressHUD.bundle/error@2x.png ... 
2019-04-22 09:10:55 +0000  306 bytes for ./SVProgressHUD.bundle/error@2x.png
2019-04-22 09:10:55 +0000  copying file ./SVProgressHUD.bundle/info@3x.png ... 
2019-04-22 09:10:55 +0000  1200 bytes for ./SVProgressHUD.bundle/info@3x.png
copying file ./SVProgressHUD.bundle/success@2x.png ... 
2019-04-22 09:10:55 +0000  462 bytes for ./SVProgressHUD.bundle/success@2x.png
copying file ./SVProgressHUD.bundle/success@3x.png ... 
2019-04-22 09:10:55 +0000  714 bytes for ./SVProgressHUD.bundle/success@3x.png
2019-04-22 09:10:55 +0000  copying file ./SVProgressHUD.bundle/info@2x.png ... 
2019-04-22 09:10:55 +0000  816 bytes for ./SVProgressHUD.bundle/info@2x.png
copying file ./SVProgressHUD.bundle/error.png ... 
2019-04-22 09:10:55 +0000  184 bytes for ./SVProgressHUD.bundle/error.png
copying file ./SVProgressHUD.bundle/success.png ... 
2019-04-22 09:10:55 +0000  262 bytes for ./SVProgressHUD.bundle/success.png
copying file ./SVProgressHUD.bundle/angle-mask.png ... 
2019-04-22 09:10:55 +0000  1845 bytes for ./SVProgressHUD.bundle/angle-mask.png
2019-04-22 09:10:55 +0000  copying file ./bottle ... 
2019-04-22 09:10:55 +0000  154036848 bytes for ./bottle
copying file ./Info.plist ... 
2019-04-22 09:10:55 +0000  1015 bytes for ./Info.plist
copying file ./PkgInfo ... 
2019-04-22 09:10:55 +0000  8 bytes for ./PkgInfo
2019-04-22 09:10:55 +0000  /usr/bin/ditto exited with 0
2019-04-22 09:10:55 +0000  Processing step: IDEDistributionEmbedProfileStep
2019-04-22 09:10:55 +0000  Processing step: IDEDistributionAppThinningPlistStep
2019-04-22 09:10:55 +0000  Skipping step: IDEDistributionAppThinningPlistStep because it said so
2019-04-22 09:10:55 +0000  Processing step: IDEDistributionCompileBitcodeStep
2019-04-22 09:10:55 +0000  Skipping step: IDEDistributionCompileBitcodeStep because it said so
2019-04-22 09:10:55 +0000  Processing step: IDEDistributionCodeSlimmingStep
2019-04-22 09:10:55 +0000  Processing step: IDEDistributionCopyBCSymbolMapsStep
2019-04-22 09:10:55 +0000  Skipping step: IDEDistributionCopyBCSymbolMapsStep because it said so
2019-04-22 09:10:55 +0000  Processing step: IDEDistributionSymbolsStep
2019-04-22 09:10:55 +0000  Skipping step: IDEDistributionSymbolsStep because it said so
2019-04-22 09:10:55 +0000  Processing step: IDEDistributionAppThinningStep
2019-04-22 09:10:55 +0000  Skipping step: IDEDistributionAppThinningStep because it said so
2019-04-22 09:10:55 +0000  Processing step: IDEDistributionArchThinningStep
2019-04-22 09:10:55 +0000  Running /Applications/Xcode.app/Contents/Developer/Toolchains/XcodeDefault.xctoolchain/usr/bin/lipo '/var/folders/ld/w_gjvrd56k73l19nz3znhww40000gn/T/XcodeDistPipeline.~~~2iZzZ7/Root/Payload/bottle.app/bottle' '-verify_arch' 'arm64e'
2019-04-22 09:10:55 +0000  /Applications/Xcode.app/Contents/Developer/Toolchains/XcodeDefault.xctoolchain/usr/bin/lipo exited with 1
2019-04-22 09:10:55 +0000  Skipping architecture thinning for item "bottle" because arch "arm64e" wasn't found
2019-04-22 09:10:55 +0000  Processing step: IDEDistributionODRStep
2019-04-22 09:10:55 +0000  Processing step: IDEDistributionStripXattrsStep
2019-04-22 09:10:55 +0000  Running /usr/bin/xattr '-crs' '/var/folders/ld/w_gjvrd56k73l19nz3znhww40000gn/T/XcodeDistPipeline.~~~2iZzZ7/Root/Payload/bottle.app'
2019-04-22 09:10:56 +0000  /usr/bin/xattr exited with 0
2019-04-22 09:10:56 +0000  Processing step: IDEDistributionCodesignStep
2019-04-22 09:10:56 +0000  Entitlements for <IDEDistributionItem: 0x7fbc6f1a5130 'com.we.bottle' '<DVTFilePath:0x7fbc6ebc41c0:'/Users/xiu/Library/Developer/Xcode/Archives/2019-04-22/bottle 2019-4-22, 5.09 PM.xcarchive/Products/Applications/bottle.app'>'>: {
    "application-identifier" = "UJ5K6Z43Z4.com.we.bottle";
    "aps-environment" = development;
    "com.apple.developer.team-identifier" = UJ5K6Z43Z4;
    "get-task-allow" = 1;
}
2019-04-22 09:10:56 +0000  Writing entitlements for <IDEDistributionItem: 0x7fbc6f1a5130 'com.we.bottle' '<DVTFilePath:0x7fbc6ebc41c0:'/Users/xiu/Library/Developer/Xcode/Archives/2019-04-22/bottle 2019-4-22, 5.09 PM.xcarchive/Products/Applications/bottle.app'>'> to: /var/folders/ld/w_gjvrd56k73l19nz3znhww40000gn/T/XcodeDistPipeline.~~~2iZzZ7/entitlements~~~eDsxck
2019-04-22 09:10:56 +0000  Running /usr/bin/codesign '-vvv' '--force' '--sign' 'F662200A95EF217130C68A2A205D93A068E113D2' '--entitlements' '/var/folders/ld/w_gjvrd56k73l19nz3znhww40000gn/T/XcodeDistPipeline.~~~2iZzZ7/entitlements~~~eDsxck' '--preserve-metadata=identifier,flags,runtime' '/var/folders/ld/w_gjvrd56k73l19nz3znhww40000gn/T/XcodeDistPipeline.~~~2iZzZ7/Root/Payload/bottle.app'
2019-04-22 09:10:56 +0000  /var/folders/ld/w_gjvrd56k73l19nz3znhww40000gn/T/XcodeDistPipeline.~~~2iZzZ7/Root/Payload/bottle.app: signed app bundle with Mach-O universal (armv7 arm64) [com.we.bottle]
2019-04-22 09:10:56 +0000  /usr/bin/codesign exited with 0
2019-04-22 09:10:56 +0000  Processing step: IDEDistributionZipODRItemStep
2019-04-22 09:10:56 +0000  Skipping step: IDEDistributionZipODRItemStep because it said so
2019-04-22 09:10:56 +0000  Processing step: IDEDistributionCreateIPAStep
2019-04-22 09:10:56 +0000  Running /usr/bin/ditto '-V' '-c' '-k' '--norsrc' '/var/folders/ld/w_gjvrd56k73l19nz3znhww40000gn/T/XcodeDistPipeline.~~~2iZzZ7/Root' '/var/folders/ld/w_gjvrd56k73l19nz3znhww40000gn/T/XcodeDistPipeline.~~~2iZzZ7/Packages/bottle.ipa'
2019-04-22 09:10:56 +0000  >>> Copying /var/folders/ld/w_gjvrd56k73l19nz3znhww40000gn/T/XcodeDistPipeline.~~~2iZzZ7/Root 
2019-04-22 09:10:56 +0000  copying file ./Payload/bottle.app/_CodeSignature/CodeResources ... 
2019-04-22 09:10:56 +0000  26689 bytes for ./Payload/bottle.app/_CodeSignature/CodeResources
2019-04-22 09:10:56 +0000  copying file ./Payload/bottle.app/MJRefresh.bundle/arrow@2x.png ... 
2019-04-22 09:10:56 +0000  3044 bytes for ./Payload/bottle.app/MJRefresh.bundle/arrow@2x.png
2019-04-22 09:10:56 +0000  copying file ./Payload/bottle.app/TCYRegisterOfAccountViewController.nib ... 
2019-04-22 09:10:56 +0000  16292 bytes for ./Payload/bottle.app/TCYRegisterOfAccountViewController.nib
2019-04-22 09:10:56 +0000  copying file ./Payload/bottle.app/Base.lproj/LaunchScreen.storyboardc/01J-lp-oVM-view-Ze5-6b-2t3.nib ... 
2019-04-22 09:10:56 +0000  1985 bytes for ./Payload/bottle.app/Base.lproj/LaunchScreen.storyboardc/01J-lp-oVM-view-Ze5-6b-2t3.nib
copying file ./Payload/bottle.app/Base.lproj/LaunchScreen.storyboardc/UIViewController-01J-lp-oVM.nib ... 
2019-04-22 09:10:56 +0000  832 bytes for ./Payload/bottle.app/Base.lproj/LaunchScreen.storyboardc/UIViewController-01J-lp-oVM.nib
copying file ./Payload/bottle.app/Base.lproj/LaunchScreen.storyboardc/Info.plist ... 
2019-04-22 09:10:56 +0000  258 bytes for ./Payload/bottle.app/Base.lproj/LaunchScreen.storyboardc/Info.plist
2019-04-22 09:10:56 +0000  copying file ./Payload/bottle.app/Assets.car ... 
2019-04-22 09:10:56 +0000  4414712 bytes for ./Payload/bottle.app/Assets.car
copying file ./Payload/bottle.app/README.txt ... 
2019-04-22 09:10:56 +0000  332 bytes for ./Payload/bottle.app/README.txt
copying file ./Payload/bottle.app/TCYUserProtocolViewController.nib ... 
2019-04-22 09:10:56 +0000  27116 bytes for ./Payload/bottle.app/TCYUserProtocolViewController.nib
2019-04-22 09:10:56 +0000  copying file ./Payload/bottle.app/BUAdSDK.bundle/bu_adStarEmpty@2x.png ... 
2019-04-22 09:10:56 +0000  1779 bytes for ./Payload/bottle.app/BUAdSDK.bundle/bu_adStarEmpty@2x.png
copying file ./Payload/bottle.app/BUAdSDK.bundle/bu_logo@3x.png ... 
2019-04-22 09:10:56 +0000  11097 bytes for ./Payload/bottle.app/BUAdSDK.bundle/bu_logo@3x.png
2019-04-22 09:10:56 +0000  copying file ./Payload/bottle.app/BUAdSDK.bundle/bu_voice_silent@3x.png ... 
2019-04-22 09:10:56 +0000  10912 bytes for ./Payload/bottle.app/BUAdSDK.bundle/bu_voice_silent@3x.png
copying file ./Payload/bottle.app/BUAdSDK.bundle/bu_voice_silent@2x.png ... 
2019-04-22 09:10:56 +0000  6742 bytes for ./Payload/bottle.app/BUAdSDK.bundle/bu_voice_silent@2x.png
copying file ./Payload/bottle.app/BUAdSDK.bundle/bu_back_normal.png ... 
2019-04-22 09:10:56 +0000  1070 bytes for ./Payload/bottle.app/BUAdSDK.bundle/bu_back_normal.png
copying file ./Payload/bottle.app/BUAdSDK.bundle/bu_adStarEmpty@3x.png ... 
2019-04-22 09:10:56 +0000  2750 bytes for ./Payload/bottle.app/BUAdSDK.bundle/bu_adStarEmpty@3x.png
copying file ./Payload/bottle.app/BUAdSDK.bundle/bu_logo@2x.png ... 
2019-04-22 09:10:56 +0000  6105 bytes for ./Payload/bottle.app/BUAdSDK.bundle/bu_logo@2x.png
copying file ./Payload/bottle.app/BUAdSDK.bundle/bu_replay@3x.png ... 
2019-04-22 09:10:56 +0000  4966 bytes for ./Payload/bottle.app/BUAdSDK.bundle/bu_replay@3x.png
2019-04-22 09:10:56 +0000  copying file ./Payload/bottle.app/BUAdSDK.bundle/bu_video_close@3x.png ... 
2019-04-22 09:10:56 +0000  1171 bytes for ./Payload/bottle.app/BUAdSDK.bundle/bu_video_close@3x.png
copying file ./Payload/bottle.app/BUAdSDK.bundle/bu_dislike@3x.png ... 
2019-04-22 09:10:56 +0000  567 bytes for ./Payload/bottle.app/BUAdSDK.bundle/bu_dislike@3x.png
2019-04-22 09:10:56 +0000  copying file ./Payload/bottle.app/BUAdSDK.bundle/bu_bottomPause@2x.png ... 
770 bytes for ./Payload/bottle.app/BUAdSDK.bundle/bu_bottomPause@2x.png
2019-04-22 09:10:56 +0000  copying file ./Payload/bottle.app/BUAdSDK.bundle/bu_nativeVideo_left@3x.png ... 
2019-04-22 09:10:56 +0000  7728 bytes for ./Payload/bottle.app/BUAdSDK.bundle/bu_nativeVideo_left@3x.png
2019-04-22 09:10:56 +0000  copying file ./Payload/bottle.app/BUAdSDK.bundle/bu_video_leftback@3x.png ... 
2019-04-22 09:10:56 +0000  1016 bytes for ./Payload/bottle.app/BUAdSDK.bundle/bu_video_leftback@3x.png
copying file ./Payload/bottle.app/BUAdSDK.bundle/bu_bottomPlay@2x.png ... 
2019-04-22 09:10:56 +0000  774 bytes for ./Payload/bottle.app/BUAdSDK.bundle/bu_bottomPlay@2x.png
copying file ./Payload/bottle.app/BUAdSDK.bundle/bu_fastForward@3x.png ... 
2019-04-22 09:10:56 +0000  772 bytes for ./Payload/bottle.app/BUAdSDK.bundle/bu_fastForward@3x.png
2019-04-22 09:10:56 +0000  copying file ./Payload/bottle.app/BUAdSDK.bundle/bu_close@2x.png ... 
2019-04-22 09:10:56 +0000  307 bytes for ./Payload/bottle.app/BUAdSDK.bundle/bu_close@2x.png
copying file ./Payload/bottle.app/BUAdSDK.bundle/bu_close@3x.png ... 
2019-04-22 09:10:56 +0000  640 bytes for ./Payload/bottle.app/BUAdSDK.bundle/bu_close@3x.png
2019-04-22 09:10:56 +0000  copying file ./Payload/bottle.app/BUAdSDK.bundle/bu_bottomPlay@3x.png ... 
2019-04-22 09:10:56 +0000  996 bytes for ./Payload/bottle.app/BUAdSDK.bundle/bu_bottomPlay@3x.png
copying file ./Payload/bottle.app/BUAdSDK.bundle/bu_fastForward@2x.png ... 
2019-04-22 09:10:56 +0000  565 bytes for ./Payload/bottle.app/BUAdSDK.bundle/bu_fastForward@2x.png
copying file ./Payload/bottle.app/BUAdSDK.bundle/bu_video_leftback@2x.png ... 
2019-04-22 09:10:56 +0000  744 bytes for ./Payload/bottle.app/BUAdSDK.bundle/bu_video_leftback@2x.png
copying file ./Payload/bottle.app/BUAdSDK.bundle/bu_nativeVideo_left@2x.png ... 
2019-04-22 09:10:56 +0000  11899 bytes for ./Payload/bottle.app/BUAdSDK.bundle/bu_nativeVideo_left@2x.png
copying file ./Payload/bottle.app/BUAdSDK.bundle/bu_bottomPause@3x.png ... 
2019-04-22 09:10:56 +0000  1100 bytes for ./Payload/bottle.app/BUAdSDK.bundle/bu_bottomPause@3x.png
copying file ./Payload/bottle.app/BUAdSDK.bundle/bu_dislike@2x.png ... 
2019-04-22 09:10:56 +0000  396 bytes for ./Payload/bottle.app/BUAdSDK.bundle/bu_dislike@2x.png
2019-04-22 09:10:56 +0000  copying file ./Payload/bottle.app/BUAdSDK.bundle/bu_replay@2x.png ... 
2019-04-22 09:10:56 +0000  3499 bytes for ./Payload/bottle.app/BUAdSDK.bundle/bu_replay@2x.png
copying file ./Payload/bottle.app/BUAdSDK.bundle/bu_pause@3x.png ... 
2019-04-22 09:10:56 +0000  963 bytes for ./Payload/bottle.app/BUAdSDK.bundle/bu_pause@3x.png
copying file ./Payload/bottle.app/BUAdSDK.bundle/bu_shrinkScreen@3x.png ... 
2019-04-22 09:10:56 +0000  224 bytes for ./Payload/bottle.app/BUAdSDK.bundle/bu_shrinkScreen@3x.png
copying file ./Payload/bottle.app/BUAdSDK.bundle/bu_bottomShadow@3x.png ... 
2019-04-22 09:10:56 +0000  3298 bytes for ./Payload/bottle.app/BUAdSDK.bundle/bu_bottomShadow@3x.png
copying file ./Payload/bottle.app/BUAdSDK.bundle/bu_topShadow@3x.png ... 
2019-04-22 09:10:56 +0000  3331 bytes for ./Payload/bottle.app/BUAdSDK.bundle/bu_topShadow@3x.png
copying file ./Payload/bottle.app/BUAdSDK.bundle/bu_fastBackward@2x.png ... 
2019-04-22 09:10:56 +0000  615 bytes for ./Payload/bottle.app/BUAdSDK.bundle/bu_fastBackward@2x.png
copying file ./Payload/bottle.app/BUAdSDK.bundle/bu_brightness@3x.png ... 
2019-04-22 09:10:56 +0000  5052 bytes for ./Payload/bottle.app/BUAdSDK.bundle/bu_brightness@3x.png
copying file ./Payload/bottle.app/BUAdSDK.bundle/bu_leftback@3x.png ... 
2019-04-22 09:10:56 +0000  393 bytes for ./Payload/bottle.app/BUAdSDK.bundle/bu_leftback@3x.png
copying file ./Payload/bottle.app/BUAdSDK.bundle/bu_video_close@2x.png.png ... 
2019-04-22 09:10:56 +0000  836 bytes for ./Payload/bottle.app/BUAdSDK.bundle/bu_video_close@2x.png.png
2019-04-22 09:10:56 +0000  copying file ./Payload/bottle.app/BUAdSDK.bundle/bu_fullClose@3x.png ... 
2019-04-22 09:10:56 +0000  4098 bytes for ./Payload/bottle.app/BUAdSDK.bundle/bu_fullClose@3x.png
copying file ./Payload/bottle.app/BUAdSDK.bundle/bu_sliderDot@2x.png ... 
2019-04-22 09:10:56 +0000  577 bytes for ./Payload/bottle.app/BUAdSDK.bundle/bu_sliderDot@2x.png
copying file ./Payload/bottle.app/BUAdSDK.bundle/bu_adStar@3x.png ... 
2019-04-22 09:10:56 +0000  2312 bytes for ./Payload/bottle.app/BUAdSDK.bundle/bu_adStar@3x.png
copying file ./Payload/bottle.app/BUAdSDK.bundle/bu_fullScreen@2x.png ... 
2019-04-22 09:10:56 +0000  148 bytes for ./Payload/bottle.app/BUAdSDK.bundle/bu_fullScreen@2x.png
2019-04-22 09:10:56 +0000  copying file ./Payload/bottle.app/BUAdSDK.bundle/bu_play@3x.png ... 
2019-04-22 09:10:56 +0000  4408 bytes for ./Payload/bottle.app/BUAdSDK.bundle/bu_play@3x.png
copying file ./Payload/bottle.app/BUAdSDK.bundle/bu_play@2x.png ... 
2019-04-22 09:10:56 +0000  2682 bytes for ./Payload/bottle.app/BUAdSDK.bundle/bu_play@2x.png
copying file ./Payload/bottle.app/BUAdSDK.bundle/bu_fullScreen@3x.png ... 
2019-04-22 09:10:56 +0000  164 bytes for ./Payload/bottle.app/BUAdSDK.bundle/bu_fullScreen@3x.png
copying file ./Payload/bottle.app/BUAdSDK.bundle/bu_adStar@2x.png ... 
2019-04-22 09:10:56 +0000  1490 bytes for ./Payload/bottle.app/BUAdSDK.bundle/bu_adStar@2x.png
copying file ./Payload/bottle.app/BUAdSDK.bundle/bu_sliderDot@3x.png ... 
2019-04-22 09:10:56 +0000  2061 bytes for ./Payload/bottle.app/BUAdSDK.bundle/bu_sliderDot@3x.png
copying file ./Payload/bottle.app/BUAdSDK.bundle/bu_fullClose@2x.png ... 
2019-04-22 09:10:56 +0000  1519 bytes for ./Payload/bottle.app/BUAdSDK.bundle/bu_fullClose@2x.png
copying file ./Payload/bottle.app/BUAdSDK.bundle/bu_leftback@2x.png ... 
2019-04-22 09:10:56 +0000  190 bytes for ./Payload/bottle.app/BUAdSDK.bundle/bu_leftback@2x.png
copying file ./Payload/bottle.app/BUAdSDK.bundle/bu_topShadow@2x.png ... 
2019-04-22 09:10:56 +0000  2156 bytes for ./Payload/bottle.app/BUAdSDK.bundle/bu_topShadow@2x.png
copying file ./Payload/bottle.app/BUAdSDK.bundle/bu_fastBackward@3x.png ... 
2019-04-22 09:10:56 +0000  834 bytes for ./Payload/bottle.app/BUAdSDK.bundle/bu_fastBackward@3x.png
copying file ./Payload/bottle.app/BUAdSDK.bundle/bu_brightness@2x.png ... 
2019-04-22 09:10:56 +0000  1936 bytes for ./Payload/bottle.app/BUAdSDK.bundle/bu_brightness@2x.png
copying file ./Payload/bottle.app/BUAdSDK.bundle/bu_bottomShadow@2x.png ... 
2019-04-22 09:10:56 +0000  2168 bytes for ./Payload/bottle.app/BUAdSDK.bundle/bu_bottomShadow@2x.png
copying file ./Payload/bottle.app/BUAdSDK.bundle/bu_shrinkScreen@2x.png ... 
2019-04-22 09:10:56 +0000  159 bytes for ./Payload/bottle.app/BUAdSDK.bundle/bu_shrinkScreen@2x.png
copying file ./Payload/bottle.app/BUAdSDK.bundle/bu_pause@2x.png ... 
2019-04-22 09:10:56 +0000  636 bytes for ./Payload/bottle.app/BUAdSDK.bundle/bu_pause@2x.png
copying file ./Payload/bottle.app/BUAdSDK.bundle/bu_voice@2x.png ... 
2019-04-22 09:10:56 +0000  5818 bytes for ./Payload/bottle.app/BUAdSDK.bundle/bu_voice@2x.png
copying file ./Payload/bottle.app/BUAdSDK.bundle/bu_voice@3x.png ... 
2019-04-22 09:10:56 +0000  9319 bytes for ./Payload/bottle.app/BUAdSDK.bundle/bu_voice@3x.png
2019-04-22 09:10:56 +0000  copying file ./Payload/bottle.app/YWFeedbackBundle.bundle/bc_back.png ... 
2019-04-22 09:10:56 +0000  231 bytes for ./Payload/bottle.app/YWFeedbackBundle.bundle/bc_back.png
copying file ./Payload/bottle.app/YWFeedbackBundle.bundle/bc_back@2x.png ... 
2019-04-22 09:10:56 +0000  356 bytes for ./Payload/bottle.app/YWFeedbackBundle.bundle/bc_back@2x.png
copying file ./Payload/bottle.app/YWFeedbackBundle.bundle/bc_back@3x.png ... 
2019-04-22 09:10:56 +0000  524 bytes for ./Payload/bottle.app/YWFeedbackBundle.bundle/bc_back@3x.png
2019-04-22 09:10:56 +0000  copying file ./Payload/bottle.app/WKKeyboardToolbar.nib ... 
2019-04-22 09:10:56 +0000  3125 bytes for ./Payload/bottle.app/WKKeyboardToolbar.nib
2019-04-22 09:10:56 +0000  copying file ./Payload/bottle.app/embedded.mobileprovision ... 
2019-04-22 09:10:56 +0000  7749 bytes for ./Payload/bottle.app/embedded.mobileprovision
2019-04-22 09:10:56 +0000  copying file ./Payload/bottle.app/SVProgressHUD.bundle/info.png ... 
2019-04-22 09:10:56 +0000  365 bytes for ./Payload/bottle.app/SVProgressHUD.bundle/info.png
copying file ./Payload/bottle.app/SVProgressHUD.bundle/error@3x.png ... 
2019-04-22 09:10:56 +0000  398 bytes for ./Payload/bottle.app/SVProgressHUD.bundle/error@3x.png
copying file ./Payload/bottle.app/SVProgressHUD.bundle/angle-mask@3x.png ... 
2019-04-22 09:10:56 +0000  8319 bytes for ./Payload/bottle.app/SVProgressHUD.bundle/angle-mask@3x.png
copying file ./Payload/bottle.app/SVProgressHUD.bundle/angle-mask@2x.png ... 
2019-04-22 09:10:56 +0000  4893 bytes for ./Payload/bottle.app/SVProgressHUD.bundle/angle-mask@2x.png
copying file ./Payload/bottle.app/SVProgressHUD.bundle/error@2x.png ... 
2019-04-22 09:10:56 +0000  306 bytes for ./Payload/bottle.app/SVProgressHUD.bundle/error@2x.png
copying file ./Payload/bottle.app/SVProgressHUD.bundle/info@3x.png ... 
2019-04-22 09:10:56 +0000  1200 bytes for ./Payload/bottle.app/SVProgressHUD.bundle/info@3x.png
copying file ./Payload/bottle.app/SVProgressHUD.bundle/success@2x.png ... 
2019-04-22 09:10:56 +0000  462 bytes for ./Payload/bottle.app/SVProgressHUD.bundle/success@2x.png
2019-04-22 09:10:56 +0000  copying file ./Payload/bottle.app/SVProgressHUD.bundle/success@3x.png ... 
2019-04-22 09:10:56 +0000  714 bytes for ./Payload/bottle.app/SVProgressHUD.bundle/success@3x.png
copying file ./Payload/bottle.app/SVProgressHUD.bundle/info@2x.png ... 
2019-04-22 09:10:56 +0000  816 bytes for ./Payload/bottle.app/SVProgressHUD.bundle/info@2x.png
copying file ./Payload/bottle.app/SVProgressHUD.bundle/error.png ... 
2019-04-22 09:10:56 +0000  184 bytes for ./Payload/bottle.app/SVProgressHUD.bundle/error.png
copying file ./Payload/bottle.app/SVProgressHUD.bundle/success.png ... 
2019-04-22 09:10:56 +0000  262 bytes for ./Payload/bottle.app/SVProgressHUD.bundle/success.png
copying file ./Payload/bottle.app/SVProgressHUD.bundle/angle-mask.png ... 
2019-04-22 09:10:56 +0000  1845 bytes for ./Payload/bottle.app/SVProgressHUD.bundle/angle-mask.png
2019-04-22 09:10:56 +0000  copying file ./Payload/bottle.app/bottle ... 
2019-04-22 09:10:58 +0000  19513232 bytes for ./Payload/bottle.app/bottle
copying file ./Payload/bottle.app/Info.plist ... 
2019-04-22 09:10:58 +0000  1015 bytes for ./Payload/bottle.app/Info.plist
copying file ./Payload/bottle.app/PkgInfo ... 
2019-04-22 09:10:58 +0000  8 bytes for ./Payload/bottle.app/PkgInfo
2019-04-22 09:10:58 +0000  /usr/bin/ditto exited with 0
2019-04-22 09:10:58 +0000  Processing step: IDEDistributionAppStoreInformationStep
2019-04-22 09:10:58 +0000  Skipping step: IDEDistributionAppStoreInformationStep because it said so
2019-04-22 09:10:58 +0000  Processing step: IDEDistributionCreateManifestStep
